{
  "RSpec": {
    "coverage": {
      "/Users/robota/propro/makers_bnb/app/app.rb": [
        1,
        null,
        1,
        1,
        1,
        1,
        null,
        1,
        null,
        1,
        1,
        1
      ],
      "/Users/robota/propro/makers_bnb/app/data_mapper_setup.rb": [
        1,
        1,
        1,
        null,
        1,
        1,
        null,
        1,
        1,
        1,
        null,
        1
      ],
      "/Users/robota/propro/makers_bnb/app/server.rb": [
        1,
        null,
        1,
        1,
        1,
        1,
        1,
        1,
        1,
        null,
        1,
        1,
        14,
        null,
        null,
        null,
        1,
        null
      ],
      "/Users/robota/propro/makers_bnb/app/model/space.rb": [
        1,
        1,
        null,
        1,
        1,
        null,
        null
      ],
      "/Users/robota/propro/makers_bnb/app/model/user.rb": [
        1,
        1,
        null,
        1,
        1,
        null,
        1,
        1,
        1,
        1,
        1,
        null,
        1,
        1,
        null,
        null,
        1,
        1,
        1,
        null,
        null,
        1,
        5,
        5,
        null,
        null,
        1,
        0,
        0,
        0,
        null,
        null,
        null,
        null,
        null,
        null
      ],
      "/Users/robota/propro/makers_bnb/app/controller/spaces.rb": [
        1,
        null,
        1,
        2,
        2,
        null,
        null,
        1,
        1,
        null,
        null,
        1,
        1,
        1,
        1,
        null,
        0,
        null,
        null,
        null
      ],
      "/Users/robota/propro/makers_bnb/app/controller/user.rb": [
        1,
        null,
        1,
        6,
        null,
        null,
        1,
        6,
        6,
        null,
        null,
        1,
        5,
        null,
        null,
        null,
        null,
        null,
        5,
        1,
        1,
        null,
        4,
        4,
        null,
        null,
        null,
        null
      ],
      "/Users/robota/propro/makers_bnb/spec/features/web_helper.rb": [
        1,
        5,
        5,
        5,
        5,
        5,
        5,
        5,
        null
      ],
      "/Users/robota/propro/makers_bnb/spec/features/add_space_spec.rb": [
        1,
        1,
        1,
        1,
        1,
        1,
        1,
        null,
        null
      ],
      "/Users/robota/propro/makers_bnb/spec/features/sign_up_spec.rb": [
        1,
        null,
        1,
        6,
        null,
        null,
        null,
        1,
        1,
        1,
        null,
        null,
        1,
        2,
        2,
        null,
        1,
        1,
        null,
        null,
        null,
        1,
        2,
        2,
        null,
        1,
        1,
        1,
        null,
        null,
        null,
        1,
        2,
        2,
        null,
        1,
        1,
        1,
        null,
        null,
        1,
        null,
        4,
        1,
        1,
        1,
        null,
        null,
        1,
        null,
        4,
        1,
        1,
        1,
        null,
        null
      ]
    },
    "timestamp": 1459786288
  }
}
