{
  "RSpec": {
    "coverage": {
      "/Users/Kohler/Google Drive/makers/6/makers_bnb/app/app.rb": [
        1,
        null,
        1,
        1,
        1,
        1,
        null,
        1,
        null,
        1,
        1,
        1,
        1
      ],
      "/Users/Kohler/Google Drive/makers/6/makers_bnb/app/data_mapper_setup.rb": [
        1,
        1,
        1,
        null,
        1,
        1,
        null,
        1,
        1,
        1,
        null,
        1
      ],
      "/Users/Kohler/Google Drive/makers/6/makers_bnb/app/server.rb": [
        1,
        null,
        1,
        1,
        1,
        1,
        1,
        1,
        1,
        null,
        1,
        1,
        39,
        null,
        null,
        null,
        1,
        null
      ],
      "/Users/Kohler/Google Drive/makers/6/makers_bnb/app/model/space.rb": [
        1,
        1,
        null,
        1,
        1,
        null,
        null
      ],
      "/Users/Kohler/Google Drive/makers/6/makers_bnb/app/model/user.rb": [
        1,
        1,
        null,
        1,
        1,
        null,
        1,
        1,
        1,
        1,
        1,
        null,
        1,
        1,
        null,
        null,
        1,
        1,
        1,
        null,
        null,
        1,
        9,
        9,
        null,
        null,
        1,
        2,
        2,
        2,
        null,
        null,
        null,
        null,
        null,
        null
      ],
      "/Users/Kohler/Google Drive/makers/6/makers_bnb/app/controller/spaces.rb": [
        1,
        null,
        1,
        8,
        8,
        null,
        null,
        1,
        1,
        null,
        null,
        1,
        1,
        1,
        1,
        null,
        0,
        null,
        null,
        null
      ],
      "/Users/Kohler/Google Drive/makers/6/makers_bnb/app/controller/user.rb": [
        1,
        null,
        1,
        17,
        14,
        null,
        null,
        1,
        15,
        15,
        null,
        null,
        1,
        8,
        null,
        null,
        null,
        null,
        null,
        8,
        4,
        4,
        null,
        4,
        4,
        null,
        null,
        null,
        null
      ],
      "/Users/Kohler/Google Drive/makers/6/makers_bnb/app/controller/session.rb": [
        1,
        null,
        1,
        3,
        null,
        null,
        1,
        2,
        null,
        null,
        2,
        2,
        2,
        null,
        0,
        0,
        null,
        null,
        null,
        1,
        2,
        2,
        2,
        null,
        null
      ],
      "/Users/Kohler/Google Drive/makers/6/makers_bnb/spec/features/web_helper.rb": [
        1,
        8,
        8,
        8,
        8,
        8,
        8,
        8,
        null,
        null,
        1,
        4,
        null,
        null,
        null,
        1,
        2,
        2,
        2,
        2,
        null
      ],
      "/Users/Kohler/Google Drive/makers/6/makers_bnb/spec/features/add_space_spec.rb": [
        1,
        1,
        1,
        1,
        1,
        1,
        1,
        null,
        null
      ],
      "/Users/Kohler/Google Drive/makers/6/makers_bnb/spec/features/navbar_spec.rb": [
        1,
        1,
        1,
        1,
        1,
        1,
        null,
        null,
        1,
        1,
        1,
        1,
        1,
        null,
        null,
        1,
        1,
        1,
        1,
        1,
        null,
        null
      ],
      "/Users/Kohler/Google Drive/makers/6/makers_bnb/spec/features/session_spec.rb": [
        1,
        null,
        1,
        null,
        1,
        1,
        1,
        null,
        null,
        1,
        1,
        1,
        1,
        null,
        null,
        null,
        null,
        null,
        null,
        null
      ],
      "/Users/Kohler/Google Drive/makers/6/makers_bnb/spec/features/sign_in_spec.rb": [
        1,
        1,
        1,
        1,
        1,
        1,
        null,
        null
      ],
      "/Users/Kohler/Google Drive/makers/6/makers_bnb/spec/features/sign_out_spec.rb": [
        1,
        1,
        1,
        null,
        null,
        null,
        null,
        1,
        1,
        1,
        1,
        1,
        1,
        null,
        null
      ],
      "/Users/Kohler/Google Drive/makers/6/makers_bnb/spec/features/sign_up_spec.rb": [
        1,
        null,
        1,
        6,
        null,
        null,
        null,
        1,
        1,
        1,
        null,
        null,
        1,
        4,
        null,
        1,
        1,
        null,
        null,
        null,
        1,
        2,
        2,
        null,
        1,
        1,
        1,
        null,
        null,
        null,
        1,
        2,
        2,
        null,
        1,
        1,
        1,
        null,
        null,
        1,
        null,
        4,
        1,
        1,
        1,
        null,
        null,
        1,
        null,
        4,
        1,
        1,
        1,
        null,
        null
      ]
    },
    "timestamp": 1459855568
  }
}
